[2016-11-22 16:39:39] app.INFO: Matched route "{route}". {"route":"GET_","route_parameters":{"_controller":"[object] (Closure: {})","_route":"GET_"},"request_uri":"http://localhost:8000/","method":"GET"} []
[2016-11-22 16:39:39] app.DEBUG: > GET / [] []
[2016-11-22 16:39:39] app.CRITICAL: Twig_Error_Loader: Template "conteudo/index.twig" is not defined. (uncaught exception) at /Users/michael/Sites/phpconference/webrtc/app/vendor/twig/twig/lib/Twig/Loader/Chain.php line 95 {"exception":"[object] (Twig_Error_Loader(code: 0): Template \"conteudo/index.twig\" is not defined. at /Users/michael/Sites/phpconference/webrtc/app/vendor/twig/twig/lib/Twig/Loader/Chain.php:95)"} []
[2016-11-22 16:39:39] app.DEBUG: < 500 [] []
[2016-11-22 16:40:20] app.INFO: Matched route "{route}". {"route":"GET_","route_parameters":{"_controller":"[object] (Closure: {})","_route":"GET_"},"request_uri":"http://localhost:8000/","method":"GET"} []
[2016-11-22 16:40:20] app.DEBUG: > GET / [] []
[2016-11-22 16:40:21] app.DEBUG: < 200 [] []
[2016-11-22 16:44:13] app.INFO: Matched route "{route}". {"route":"GET_","route_parameters":{"_controller":"[object] (Closure: {})","_route":"GET_"},"request_uri":"http://localhost:8000/","method":"GET"} []
[2016-11-22 16:44:13] app.DEBUG: > GET / [] []
[2016-11-22 16:44:13] app.DEBUG: < 200 [] []
[2016-11-22 16:44:13] app.INFO: Matched route "{route}". {"route":"GET_","route_parameters":{"_controller":"[object] (Closure: {})","_route":"GET_"},"request_uri":"http://localhost:8000/","method":"GET"} []
[2016-11-22 16:44:13] app.DEBUG: > GET / [] []
[2016-11-22 16:44:13] app.DEBUG: < 200 [] []
[2016-11-22 16:44:30] app.INFO: Matched route "{route}". {"route":"GET_","route_parameters":{"_controller":"[object] (Closure: {})","_route":"GET_"},"request_uri":"http://localhost:8000/","method":"GET"} []
[2016-11-22 16:44:30] app.DEBUG: > GET / [] []
[2016-11-22 16:44:30] app.DEBUG: < 200 [] []
[2016-11-22 16:45:18] app.INFO: Matched route "{route}". {"route":"GET_","route_parameters":{"_controller":"[object] (Closure: {})","_route":"GET_"},"request_uri":"http://localhost:8000/","method":"GET"} []
[2016-11-22 16:45:18] app.DEBUG: > GET / [] []
[2016-11-22 16:45:18] app.DEBUG: < 200 [] []
[2016-11-22 16:46:14] app.INFO: Matched route "{route}". {"route":"GET_","route_parameters":{"_controller":"[object] (Closure: {})","_route":"GET_"},"request_uri":"http://localhost:8000/","method":"GET"} []
[2016-11-22 16:46:14] app.DEBUG: > GET / [] []
[2016-11-22 16:46:14] app.DEBUG: < 200 [] []
[2016-11-22 16:46:47] app.INFO: Matched route "{route}". {"route":"GET_","route_parameters":{"_controller":"[object] (Closure: {})","_route":"GET_"},"request_uri":"http://localhost:8000/","method":"GET"} []
[2016-11-22 16:46:47] app.DEBUG: > GET / [] []
[2016-11-22 16:46:47] app.DEBUG: < 200 [] []
[2016-11-22 16:49:11] app.INFO: Matched route "{route}". {"route":"GET_","route_parameters":{"_controller":"[object] (Closure: {})","_route":"GET_"},"request_uri":"http://localhost:8000/","method":"GET"} []
[2016-11-22 16:49:11] app.DEBUG: > GET / [] []
[2016-11-22 16:49:11] app.DEBUG: < 200 [] []
[2016-11-22 16:49:48] app.INFO: Matched route "{route}". {"route":"GET_","route_parameters":{"_controller":"[object] (Closure: {})","_route":"GET_"},"request_uri":"http://localhost:8000/","method":"GET"} []
[2016-11-22 16:49:48] app.DEBUG: > GET / [] []
[2016-11-22 16:49:48] app.DEBUG: < 200 [] []
[2016-11-22 16:50:01] app.INFO: Matched route "{route}". {"route":"GET_","route_parameters":{"_controller":"[object] (Closure: {})","_route":"GET_"},"request_uri":"http://localhost:8000/","method":"GET"} []
[2016-11-22 16:50:01] app.DEBUG: > GET / [] []
[2016-11-22 16:50:01] app.DEBUG: < 200 [] []
[2016-11-22 16:51:15] app.INFO: Matched route "{route}". {"route":"GET_","route_parameters":{"_controller":"[object] (Closure: {})","_route":"GET_"},"request_uri":"http://localhost:8000/","method":"GET"} []
[2016-11-22 16:51:15] app.DEBUG: > GET / [] []
[2016-11-22 16:51:15] app.DEBUG: < 200 [] []
[2016-11-22 16:51:28] app.INFO: Matched route "{route}". {"route":"GET_","route_parameters":{"_controller":"[object] (Closure: {})","_route":"GET_"},"request_uri":"http://localhost:8000/","method":"GET"} []
[2016-11-22 16:51:28] app.DEBUG: > GET / [] []
[2016-11-22 16:51:28] app.DEBUG: < 200 [] []
[2016-11-22 17:07:09] app.INFO: Matched route "{route}". {"route":"GET_token","route_parameters":{"_controller":"[object] (Closure: {})","_route":"GET_token"},"request_uri":"http://localhost:8000/token","method":"GET"} []
[2016-11-22 17:07:09] app.DEBUG: > GET /token [] []
[2016-11-22 17:07:35] app.INFO: Matched route "{route}". {"route":"GET_token","route_parameters":{"_controller":"[object] (Closure: {})","_route":"GET_token"},"request_uri":"http://localhost:8000/token","method":"GET"} []
[2016-11-22 17:07:35] app.DEBUG: > GET /token [] []
[2016-11-22 17:07:53] app.INFO: Matched route "{route}". {"route":"GET_token","route_parameters":{"_controller":"[object] (Closure: {})","_route":"GET_token"},"request_uri":"http://localhost:8000/token","method":"GET"} []
[2016-11-22 17:07:53] app.DEBUG: > GET /token [] []
[2016-11-22 17:07:54] app.DEBUG: < 200 [] []
[2016-11-22 17:08:10] app.INFO: Matched route "{route}". {"route":"GET_token","route_parameters":{"_controller":"[object] (Closure: {})","_route":"GET_token"},"request_uri":"http://localhost:8000/token","method":"GET"} []
[2016-11-22 17:08:10] app.DEBUG: > GET /token [] []
[2016-11-22 17:08:12] app.DEBUG: < 200 [] []
[2016-11-22 17:08:20] app.INFO: Matched route "{route}". {"route":"GET_token","route_parameters":{"_controller":"[object] (Closure: {})","_route":"GET_token"},"request_uri":"http://localhost:8000/token","method":"GET"} []
[2016-11-22 17:08:20] app.DEBUG: > GET /token [] []
[2016-11-22 17:08:22] app.DEBUG: < 200 [] []
[2016-11-22 17:12:07] app.INFO: Matched route "{route}". {"route":"GET_","route_parameters":{"_controller":"[object] (Closure: {})","_route":"GET_"},"request_uri":"http://localhost:8000/","method":"GET"} []
[2016-11-22 17:12:07] app.DEBUG: > GET / [] []
[2016-11-22 17:12:08] app.DEBUG: < 200 [] []
[2016-11-22 17:16:14] app.INFO: Matched route "{route}". {"route":"GET_","route_parameters":{"_controller":"[object] (Closure: {})","_route":"GET_"},"request_uri":"http://localhost:8000/","method":"GET"} []
[2016-11-22 17:16:14] app.DEBUG: > GET / [] []
[2016-11-22 17:16:14] app.DEBUG: < 200 [] []
[2016-11-22 17:16:24] app.INFO: Matched route "{route}". {"route":"GET_token","route_parameters":{"_controller":"[object] (Closure: {})","_route":"GET_token"},"request_uri":"http://localhost:8000/token","method":"GET"} []
[2016-11-22 17:16:24] app.DEBUG: > GET /token [] []
[2016-11-22 17:16:25] app.DEBUG: < 200 [] []
[2016-11-22 17:21:11] app.INFO: Matched route "{route}". {"route":"GET_token","route_parameters":{"_controller":"[object] (Closure: {})","_route":"GET_token"},"request_uri":"http://localhost:8000/token","method":"GET"} []
[2016-11-22 17:21:11] app.DEBUG: > GET /token [] []
[2016-11-22 17:21:41] app.INFO: Matched route "{route}". {"route":"GET_token","route_parameters":{"_controller":"[object] (Closure: {})","_route":"GET_token"},"request_uri":"http://localhost:8000/token","method":"GET"} []
[2016-11-22 17:21:41] app.DEBUG: > GET /token [] []
[2016-11-22 17:22:16] app.INFO: Matched route "{route}". {"route":"GET_token","route_parameters":{"_controller":"[object] (Closure: {})","_route":"GET_token"},"request_uri":"http://localhost:8000/token","method":"GET"} []
[2016-11-22 17:22:16] app.DEBUG: > GET /token [] []
[2016-11-22 17:22:53] app.INFO: Matched route "{route}". {"route":"GET_token","route_parameters":{"_controller":"[object] (Closure: {})","_route":"GET_token"},"request_uri":"http://localhost:8000/token","method":"GET"} []
[2016-11-22 17:22:53] app.DEBUG: > GET /token [] []
[2016-11-22 17:23:13] app.INFO: Matched route "{route}". {"route":"GET_token","route_parameters":{"_controller":"[object] (Closure: {})","_route":"GET_token"},"request_uri":"http://localhost:8000/token","method":"GET"} []
[2016-11-22 17:23:13] app.DEBUG: > GET /token [] []
[2016-11-22 17:23:14] app.DEBUG: < 200 [] []
[2016-11-22 17:23:58] app.INFO: Matched route "{route}". {"route":"GET_token","route_parameters":{"_controller":"[object] (Closure: {})","_route":"GET_token"},"request_uri":"http://localhost:8000/token","method":"GET"} []
[2016-11-22 17:23:58] app.DEBUG: > GET /token [] []
[2016-11-22 17:24:00] app.DEBUG: < 200 [] []
[2016-11-22 17:25:44] app.INFO: Matched route "{route}". {"route":"GET_token","route_parameters":{"_controller":"[object] (Closure: {})","_route":"GET_token"},"request_uri":"http://localhost:8000/token","method":"GET"} []
[2016-11-22 17:25:44] app.DEBUG: > GET /token [] []
[2016-11-22 17:25:59] app.INFO: Matched route "{route}". {"route":"GET_token","route_parameters":{"_controller":"[object] (Closure: {})","_route":"GET_token"},"request_uri":"http://localhost:8000/token","method":"GET"} []
[2016-11-22 17:25:59] app.DEBUG: > GET /token [] []
[2016-11-22 17:26:19] app.INFO: Matched route "{route}". {"route":"GET_token","route_parameters":{"_controller":"[object] (Closure: {})","_route":"GET_token"},"request_uri":"http://localhost:8000/token","method":"GET"} []
[2016-11-22 17:26:19] app.DEBUG: > GET /token [] []
[2016-11-22 17:26:21] app.CRITICAL: OpenTok\Exception\InvalidArgumentException: Unknown role:  (uncaught exception) at /Users/michael/Sites/phpconference/webrtc/app/vendor/opentok/opentok/src/OpenTok/Util/Validators.php line 68 {"exception":"[object] (OpenTok\\Exception\\InvalidArgumentException(code: 0): Unknown role:  at /Users/michael/Sites/phpconference/webrtc/app/vendor/opentok/opentok/src/OpenTok/Util/Validators.php:68)"} []
[2016-11-22 17:26:21] app.DEBUG: < 500 [] []
[2016-11-22 17:26:54] app.INFO: Matched route "{route}". {"route":"GET_token","route_parameters":{"_controller":"[object] (Closure: {})","_route":"GET_token"},"request_uri":"http://localhost:8000/token","method":"GET"} []
[2016-11-22 17:26:54] app.DEBUG: > GET /token [] []
[2016-11-22 17:26:55] app.CRITICAL: OpenTok\Exception\InvalidArgumentException: Unknown role:  (uncaught exception) at /Users/michael/Sites/phpconference/webrtc/app/vendor/opentok/opentok/src/OpenTok/Util/Validators.php line 68 {"exception":"[object] (OpenTok\\Exception\\InvalidArgumentException(code: 0): Unknown role:  at /Users/michael/Sites/phpconference/webrtc/app/vendor/opentok/opentok/src/OpenTok/Util/Validators.php:68)"} []
[2016-11-22 17:26:55] app.DEBUG: < 500 [] []
[2016-11-22 17:27:24] app.INFO: Matched route "{route}". {"route":"GET_token","route_parameters":{"_controller":"[object] (Closure: {})","_route":"GET_token"},"request_uri":"http://localhost:8000/token","method":"GET"} []
[2016-11-22 17:27:24] app.DEBUG: > GET /token [] []
[2016-11-22 17:27:25] app.CRITICAL: OpenTok\Exception\InvalidArgumentException: Unknown role:  (uncaught exception) at /Users/michael/Sites/phpconference/webrtc/app/vendor/opentok/opentok/src/OpenTok/Util/Validators.php line 68 {"exception":"[object] (OpenTok\\Exception\\InvalidArgumentException(code: 0): Unknown role:  at /Users/michael/Sites/phpconference/webrtc/app/vendor/opentok/opentok/src/OpenTok/Util/Validators.php:68)"} []
[2016-11-22 17:27:25] app.DEBUG: < 500 [] []
[2016-11-22 17:27:52] app.INFO: Matched route "{route}". {"route":"GET_token","route_parameters":{"_controller":"[object] (Closure: {})","_route":"GET_token"},"request_uri":"http://localhost:8000/token","method":"GET"} []
[2016-11-22 17:27:52] app.DEBUG: > GET /token [] []
[2016-11-22 17:27:53] app.DEBUG: < 200 [] []
[2016-11-22 17:28:28] app.INFO: Matched route "{route}". {"route":"GET_token","route_parameters":{"_controller":"[object] (Closure: {})","_route":"GET_token"},"request_uri":"http://localhost:8000/token","method":"GET"} []
[2016-11-22 17:28:28] app.DEBUG: > GET /token [] []
[2016-11-22 17:28:30] app.DEBUG: < 200 [] []
[2016-11-22 17:28:40] app.INFO: Matched route "{route}". {"route":"GET_token","route_parameters":{"_controller":"[object] (Closure: {})","_route":"GET_token"},"request_uri":"http://localhost:8000/token","method":"GET"} []
[2016-11-22 17:28:40] app.DEBUG: > GET /token [] []
[2016-11-22 17:28:41] app.DEBUG: < 200 [] []
[2016-11-22 17:29:46] app.INFO: Matched route "{route}". {"route":"GET_","route_parameters":{"_controller":"[object] (Closure: {})","_route":"GET_"},"request_uri":"http://localhost:8000/","method":"GET"} []
[2016-11-22 17:29:46] app.DEBUG: > GET / [] []
[2016-11-22 17:29:46] app.DEBUG: < 200 [] []
[2016-11-22 17:29:48] app.INFO: Matched route "{route}". {"route":"GET_token","route_parameters":{"_controller":"[object] (Closure: {})","_route":"GET_token"},"request_uri":"http://localhost:8000/token","method":"GET"} []
[2016-11-22 17:29:48] app.DEBUG: > GET /token [] []
[2016-11-22 17:29:49] app.DEBUG: < 200 [] []
[2016-11-22 17:31:27] app.INFO: Matched route "{route}". {"route":"GET_","route_parameters":{"_controller":"[object] (Closure: {})","_route":"GET_"},"request_uri":"http://localhost:8000/","method":"GET"} []
[2016-11-22 17:31:27] app.DEBUG: > GET / [] []
[2016-11-22 17:31:27] app.DEBUG: < 200 [] []
[2016-11-22 17:31:39] app.INFO: Matched route "{route}". {"route":"GET_token","route_parameters":{"_controller":"[object] (Closure: {})","_route":"GET_token"},"request_uri":"http://localhost:8000/token","method":"GET"} []
[2016-11-22 17:31:39] app.DEBUG: > GET /token [] []
[2016-11-22 17:31:41] app.DEBUG: < 200 [] []
[2016-11-22 17:31:54] app.INFO: Matched route "{route}". {"route":"GET_","route_parameters":{"_controller":"[object] (Closure: {})","_route":"GET_"},"request_uri":"http://localhost:8000/","method":"GET"} []
[2016-11-22 17:31:54] app.DEBUG: > GET / [] []
[2016-11-22 17:31:54] app.DEBUG: < 200 [] []
[2016-11-22 17:32:58] app.INFO: Matched route "{route}". {"route":"GET_token","route_parameters":{"_controller":"[object] (Closure: {})","_route":"GET_token"},"request_uri":"http://localhost:8000/token","method":"GET"} []
[2016-11-22 17:32:58] app.DEBUG: > GET /token [] []
[2016-11-22 17:33:00] app.DEBUG: < 200 [] []
[2016-11-22 17:33:16] app.INFO: Matched route "{route}". {"route":"GET_token","route_parameters":{"_controller":"[object] (Closure: {})","_route":"GET_token"},"request_uri":"http://localhost:8000/token","method":"GET"} []
[2016-11-22 17:33:16] app.DEBUG: > GET /token [] []
[2016-11-22 17:33:17] app.DEBUG: < 200 [] []
[2016-11-22 17:33:46] app.INFO: Matched route "{route}". {"route":"GET_","route_parameters":{"_controller":"[object] (Closure: {})","_route":"GET_"},"request_uri":"http://localhost:8000/","method":"GET"} []
[2016-11-22 17:33:46] app.DEBUG: > GET / [] []
[2016-11-22 17:33:46] app.DEBUG: < 200 [] []
[2016-11-22 17:36:12] app.INFO: Matched route "{route}". {"route":"GET_token","route_parameters":{"_controller":"[object] (Closure: {})","_route":"GET_token"},"request_uri":"http://localhost:8000/token","method":"GET"} []
[2016-11-22 17:36:12] app.DEBUG: > GET /token [] []
[2016-11-22 17:37:12] app.INFO: Matched route "{route}". {"route":"GET_token","route_parameters":{"_controller":"[object] (Closure: {})","_route":"GET_token"},"request_uri":"http://localhost:8000/token","method":"GET"} []
[2016-11-22 17:37:12] app.DEBUG: > GET /token [] []
[2016-11-22 17:37:14] app.CRITICAL: OpenTok\Exception\InvalidArgumentException: Unknown role:  (uncaught exception) at /Users/michael/Sites/phpconference/webrtc/app/vendor/opentok/opentok/src/OpenTok/Util/Validators.php line 68 {"exception":"[object] (OpenTok\\Exception\\InvalidArgumentException(code: 0): Unknown role:  at /Users/michael/Sites/phpconference/webrtc/app/vendor/opentok/opentok/src/OpenTok/Util/Validators.php:68)"} []
[2016-11-22 17:37:14] app.DEBUG: < 500 [] []
[2016-11-22 17:37:44] app.INFO: Matched route "{route}". {"route":"GET_token","route_parameters":{"_controller":"[object] (Closure: {})","_route":"GET_token"},"request_uri":"http://localhost:8000/token","method":"GET"} []
[2016-11-22 17:37:44] app.DEBUG: > GET /token [] []
[2016-11-22 17:37:46] app.DEBUG: < 200 [] []
[2016-11-22 17:37:53] app.INFO: Matched route "{route}". {"route":"GET_token","route_parameters":{"_controller":"[object] (Closure: {})","_route":"GET_token"},"request_uri":"http://localhost:8000/token","method":"GET"} []
[2016-11-22 17:37:53] app.DEBUG: > GET /token [] []
[2016-11-22 17:37:55] app.DEBUG: < 200 [] []
[2016-11-22 17:38:10] app.INFO: Matched route "{route}". {"route":"GET_","route_parameters":{"_controller":"[object] (Closure: {})","_route":"GET_"},"request_uri":"http://localhost:8000/","method":"GET"} []
[2016-11-22 17:38:10] app.DEBUG: > GET / [] []
[2016-11-22 17:38:10] app.DEBUG: < 200 [] []
[2016-11-22 17:40:46] app.INFO: Matched route "{route}". {"route":"GET_token","route_parameters":{"_controller":"[object] (Closure: {})","_route":"GET_token"},"request_uri":"http://localhost:8000/token","method":"GET"} []
[2016-11-22 17:40:46] app.DEBUG: > GET /token [] []
[2016-11-22 17:40:52] app.INFO: Matched route "{route}". {"route":"GET_token","route_parameters":{"_controller":"[object] (Closure: {})","_route":"GET_token"},"request_uri":"http://localhost:8000/token","method":"GET"} []
[2016-11-22 17:40:52] app.DEBUG: > GET /token [] []
[2016-11-22 17:40:55] app.CRITICAL: OpenTok\Exception\InvalidArgumentException: Unknown role:  (uncaught exception) at /Users/michael/Sites/phpconference/webrtc/app/vendor/opentok/opentok/src/OpenTok/Util/Validators.php line 68 {"exception":"[object] (OpenTok\\Exception\\InvalidArgumentException(code: 0): Unknown role:  at /Users/michael/Sites/phpconference/webrtc/app/vendor/opentok/opentok/src/OpenTok/Util/Validators.php:68)"} []
[2016-11-22 17:40:55] app.DEBUG: < 500 [] []
[2016-11-22 17:45:19] app.INFO: Matched route "{route}". {"route":"GET_token","route_parameters":{"_controller":"[object] (Closure: {})","_route":"GET_token"},"request_uri":"http://localhost:8000/token","method":"GET"} []
[2016-11-22 17:45:19] app.DEBUG: > GET /token [] []
[2016-11-22 17:45:21] app.CRITICAL: OpenTok\Exception\InvalidArgumentException: Unknown role:  (uncaught exception) at /Users/michael/Sites/phpconference/webrtc/app/vendor/opentok/opentok/src/OpenTok/Util/Validators.php line 68 {"exception":"[object] (OpenTok\\Exception\\InvalidArgumentException(code: 0): Unknown role:  at /Users/michael/Sites/phpconference/webrtc/app/vendor/opentok/opentok/src/OpenTok/Util/Validators.php:68)"} []
[2016-11-22 17:45:21] app.DEBUG: < 500 [] []
[2016-11-22 17:45:30] app.INFO: Matched route "{route}". {"route":"GET_","route_parameters":{"_controller":"[object] (Closure: {})","_route":"GET_"},"request_uri":"http://localhost:8000/","method":"GET"} []
[2016-11-22 17:45:30] app.DEBUG: > GET / [] []
[2016-11-22 17:45:30] app.DEBUG: < 200 [] []
[2016-11-22 17:46:59] app.INFO: Matched route "{route}". {"route":"GET_","route_parameters":{"_controller":"[object] (Closure: {})","_route":"GET_"},"request_uri":"http://localhost:8000/","method":"GET"} []
[2016-11-22 17:46:59] app.DEBUG: > GET / [] []
[2016-11-22 17:46:59] app.DEBUG: < 200 [] []
[2016-11-22 17:47:00] app.INFO: Matched route "{route}". {"route":"GET_","route_parameters":{"_controller":"[object] (Closure: {})","_route":"GET_"},"request_uri":"http://localhost:8000/","method":"GET"} []
[2016-11-22 17:47:00] app.DEBUG: > GET / [] []
[2016-11-22 17:47:00] app.DEBUG: < 200 [] []
[2016-11-22 17:47:32] app.INFO: Matched route "{route}". {"route":"GET_","route_parameters":{"_controller":"[object] (Closure: {})","_route":"GET_"},"request_uri":"http://localhost:8000/","method":"GET"} []
[2016-11-22 17:47:32] app.DEBUG: > GET / [] []
[2016-11-22 17:47:32] app.DEBUG: < 200 [] []
[2016-11-22 17:47:33] app.INFO: Matched route "{route}". {"route":"GET_token","route_parameters":{"_controller":"[object] (Closure: {})","_route":"GET_token"},"request_uri":"http://localhost:8000/token","method":"GET"} []
[2016-11-22 17:47:33] app.DEBUG: > GET /token [] []
[2016-11-22 17:47:35] app.CRITICAL: OpenTok\Exception\InvalidArgumentException: Unknown role:  (uncaught exception) at /Users/michael/Sites/phpconference/webrtc/app/vendor/opentok/opentok/src/OpenTok/Util/Validators.php line 68 {"exception":"[object] (OpenTok\\Exception\\InvalidArgumentException(code: 0): Unknown role:  at /Users/michael/Sites/phpconference/webrtc/app/vendor/opentok/opentok/src/OpenTok/Util/Validators.php:68)"} []
[2016-11-22 17:47:35] app.DEBUG: < 500 [] []
[2016-11-22 17:48:36] app.INFO: Matched route "{route}". {"route":"GET_","route_parameters":{"_controller":"[object] (Closure: {})","_route":"GET_"},"request_uri":"http://localhost:8000/","method":"GET"} []
[2016-11-22 17:48:36] app.DEBUG: > GET / [] []
[2016-11-22 17:48:36] app.DEBUG: < 200 [] []
[2016-11-22 17:48:37] app.INFO: Matched route "{route}". {"route":"GET_token","route_parameters":{"_controller":"[object] (Closure: {})","_route":"GET_token"},"request_uri":"http://localhost:8000/token","method":"GET"} []
[2016-11-22 17:48:37] app.DEBUG: > GET /token [] []
[2016-11-22 17:48:41] app.CRITICAL: OpenTok\Exception\InvalidArgumentException: Unknown role:  (uncaught exception) at /Users/michael/Sites/phpconference/webrtc/app/vendor/opentok/opentok/src/OpenTok/Util/Validators.php line 68 {"exception":"[object] (OpenTok\\Exception\\InvalidArgumentException(code: 0): Unknown role:  at /Users/michael/Sites/phpconference/webrtc/app/vendor/opentok/opentok/src/OpenTok/Util/Validators.php:68)"} []
[2016-11-22 17:48:41] app.DEBUG: < 500 [] []
[2016-11-22 17:48:48] app.INFO: Matched route "{route}". {"route":"GET_token","route_parameters":{"_controller":"[object] (Closure: {})","_route":"GET_token"},"request_uri":"http://localhost:8000/token","method":"GET"} []
[2016-11-22 17:48:48] app.DEBUG: > GET /token [] []
[2016-11-22 17:48:52] app.CRITICAL: OpenTok\Exception\InvalidArgumentException: Unknown role:  (uncaught exception) at /Users/michael/Sites/phpconference/webrtc/app/vendor/opentok/opentok/src/OpenTok/Util/Validators.php line 68 {"exception":"[object] (OpenTok\\Exception\\InvalidArgumentException(code: 0): Unknown role:  at /Users/michael/Sites/phpconference/webrtc/app/vendor/opentok/opentok/src/OpenTok/Util/Validators.php:68)"} []
[2016-11-22 17:48:52] app.DEBUG: < 500 [] []
[2016-11-22 17:48:53] app.INFO: Matched route "{route}". {"route":"GET_token","route_parameters":{"_controller":"[object] (Closure: {})","_route":"GET_token"},"request_uri":"http://localhost:8000/token","method":"GET"} []
[2016-11-22 17:48:53] app.DEBUG: > GET /token [] []
[2016-11-22 17:48:55] app.DEBUG: < 200 [] []
[2016-11-22 17:49:09] app.INFO: Matched route "{route}". {"route":"GET_","route_parameters":{"_controller":"[object] (Closure: {})","_route":"GET_"},"request_uri":"http://localhost:8000/","method":"GET"} []
[2016-11-22 17:49:09] app.DEBUG: > GET / [] []
[2016-11-22 17:49:09] app.DEBUG: < 200 [] []
[2016-11-22 17:49:10] app.INFO: Matched route "{route}". {"route":"GET_token","route_parameters":{"_controller":"[object] (Closure: {})","_route":"GET_token"},"request_uri":"http://localhost:8000/token","method":"GET"} []
[2016-11-22 17:49:10] app.DEBUG: > GET /token [] []
[2016-11-22 17:49:12] app.DEBUG: < 200 [] []
[2016-11-22 17:50:26] app.INFO: Matched route "{route}". {"route":"GET_token","route_parameters":{"_controller":"[object] (Closure: {})","_route":"GET_token"},"request_uri":"http://localhost:8000/token","method":"GET"} []
[2016-11-22 17:50:26] app.DEBUG: > GET /token [] []
[2016-11-22 17:50:28] app.DEBUG: < 200 [] []
[2016-11-22 17:50:33] app.INFO: Matched route "{route}". {"route":"GET_","route_parameters":{"_controller":"[object] (Closure: {})","_route":"GET_"},"request_uri":"http://localhost:8000/","method":"GET"} []
[2016-11-22 17:50:33] app.DEBUG: > GET / [] []
[2016-11-22 17:50:33] app.DEBUG: < 200 [] []
[2016-11-22 17:50:34] app.INFO: Matched route "{route}". {"route":"GET_token","route_parameters":{"_controller":"[object] (Closure: {})","_route":"GET_token"},"request_uri":"http://localhost:8000/token","method":"GET"} []
[2016-11-22 17:50:34] app.DEBUG: > GET /token [] []
[2016-11-22 17:50:36] app.DEBUG: < 200 [] []
[2016-11-22 17:51:03] app.INFO: Matched route "{route}". {"route":"GET_","route_parameters":{"_controller":"[object] (Closure: {})","_route":"GET_"},"request_uri":"http://localhost:8000/","method":"GET"} []
[2016-11-22 17:51:03] app.DEBUG: > GET / [] []
[2016-11-22 17:51:03] app.DEBUG: < 200 [] []
[2016-11-22 17:51:04] app.INFO: Matched route "{route}". {"route":"GET_token","route_parameters":{"_controller":"[object] (Closure: {})","_route":"GET_token"},"request_uri":"http://localhost:8000/token","method":"GET"} []
[2016-11-22 17:51:04] app.DEBUG: > GET /token [] []
[2016-11-22 17:51:06] app.DEBUG: < 200 [] []
[2016-11-22 17:51:40] app.INFO: Matched route "{route}". {"route":"GET_token","route_parameters":{"_controller":"[object] (Closure: {})","_route":"GET_token"},"request_uri":"http://localhost:8000/token","method":"GET"} []
[2016-11-22 17:51:40] app.DEBUG: > GET /token [] []
[2016-11-22 17:51:44] app.DEBUG: < 200 [] []
[2016-11-22 17:52:12] app.INFO: Matched route "{route}". {"route":"GET_token","route_parameters":{"_controller":"[object] (Closure: {})","_route":"GET_token"},"request_uri":"http://localhost:8000/token","method":"GET"} []
[2016-11-22 17:52:12] app.DEBUG: > GET /token [] []
[2016-11-22 17:52:15] app.DEBUG: < 200 [] []
[2016-11-22 17:52:24] app.INFO: Matched route "{route}". {"route":"GET_","route_parameters":{"_controller":"[object] (Closure: {})","_route":"GET_"},"request_uri":"http://localhost:8000/","method":"GET"} []
[2016-11-22 17:52:24] app.DEBUG: > GET / [] []
[2016-11-22 17:52:24] app.DEBUG: < 200 [] []
[2016-11-22 17:52:25] app.INFO: Matched route "{route}". {"route":"GET_token","route_parameters":{"_controller":"[object] (Closure: {})","_route":"GET_token"},"request_uri":"http://localhost:8000/token","method":"GET"} []
[2016-11-22 17:52:25] app.DEBUG: > GET /token [] []
[2016-11-22 17:52:29] app.DEBUG: < 200 [] []
[2016-11-22 18:28:23] app.INFO: Matched route "{route}". {"route":"GET_token","route_parameters":{"_controller":"[object] (Closure: {})","_route":"GET_token"},"request_uri":"http://localhost:8000/token","method":"GET"} []
[2016-11-22 18:28:23] app.DEBUG: > GET /token [] []
[2016-11-22 18:28:27] app.CRITICAL: OpenTok\Exception\InvalidArgumentException: Unknown role:  (uncaught exception) at /Users/michael/Sites/phpconference/webrtc/app/vendor/opentok/opentok/src/OpenTok/Util/Validators.php line 68 {"exception":"[object] (OpenTok\\Exception\\InvalidArgumentException(code: 0): Unknown role:  at /Users/michael/Sites/phpconference/webrtc/app/vendor/opentok/opentok/src/OpenTok/Util/Validators.php:68)"} []
[2016-11-22 18:28:27] app.DEBUG: < 500 [] []
[2016-11-22 18:36:32] app.INFO: Matched route "{route}". {"route":"GET_","route_parameters":{"_controller":"[object] (Closure: {})","_route":"GET_"},"request_uri":"http://localhost:8000/","method":"GET"} []
[2016-11-22 18:36:32] app.DEBUG: > GET / [] []
[2016-11-22 18:36:32] app.DEBUG: < 200 [] []
[2016-11-22 18:38:08] app.INFO: Matched route "{route}". {"route":"GET_","route_parameters":{"_controller":"[object] (Closure: {})","_route":"GET_"},"request_uri":"http://localhost:8000/","method":"GET"} []
[2016-11-22 18:38:08] app.DEBUG: > GET / [] []
[2016-11-22 18:38:08] app.DEBUG: < 200 [] []
[2016-11-22 18:39:49] app.INFO: Matched route "{route}". {"route":"GET_","route_parameters":{"_controller":"[object] (Closure: {})","_route":"GET_"},"request_uri":"http://localhost:8000/","method":"GET"} []
[2016-11-22 18:39:49] app.DEBUG: > GET / [] []
[2016-11-22 18:39:50] app.DEBUG: < 200 [] []
[2016-11-22 18:39:58] app.INFO: Matched route "{route}". {"route":"GET_","route_parameters":{"_controller":"[object] (Closure: {})","_route":"GET_"},"request_uri":"http://localhost:8000/","method":"GET"} []
[2016-11-22 18:39:58] app.DEBUG: > GET / [] []
[2016-11-22 18:39:58] app.DEBUG: < 200 [] []
[2016-11-22 18:40:08] app.INFO: Matched route "{route}". {"route":"GET_","route_parameters":{"_controller":"[object] (Closure: {})","_route":"GET_"},"request_uri":"http://localhost:8000/","method":"GET"} []
[2016-11-22 18:40:08] app.DEBUG: > GET / [] []
[2016-11-22 18:40:08] app.DEBUG: < 200 [] []
[2016-11-22 18:40:54] app.INFO: Matched route "{route}". {"route":"GET_","route_parameters":{"_controller":"[object] (Closure: {})","_route":"GET_"},"request_uri":"http://localhost:8000/","method":"GET"} []
[2016-11-22 18:40:54] app.DEBUG: > GET / [] []
[2016-11-22 18:40:54] app.DEBUG: < 200 [] []
[2016-11-22 18:41:09] app.INFO: Matched route "{route}". {"route":"GET_","route_parameters":{"_controller":"[object] (Closure: {})","_route":"GET_"},"request_uri":"http://localhost:8000/","method":"GET"} []
[2016-11-22 18:41:09] app.DEBUG: > GET / [] []
[2016-11-22 18:41:09] app.DEBUG: < 200 [] []
[2016-11-22 18:41:18] app.INFO: Matched route "{route}". {"route":"GET_","route_parameters":{"_controller":"[object] (Closure: {})","_route":"GET_"},"request_uri":"http://localhost:8000/","method":"GET"} []
[2016-11-22 18:41:18] app.DEBUG: > GET / [] []
[2016-11-22 18:41:18] app.DEBUG: < 200 [] []
[2016-11-22 18:43:03] app.INFO: Matched route "{route}". {"route":"GET_","route_parameters":{"_controller":"[object] (Closure: {})","_route":"GET_"},"request_uri":"http://localhost:8000/","method":"GET"} []
[2016-11-22 18:43:03] app.DEBUG: > GET / [] []
[2016-11-22 18:43:03] app.DEBUG: < 200 [] []
[2016-11-22 18:43:09] app.INFO: Matched route "{route}". {"route":"GET_","route_parameters":{"_controller":"[object] (Closure: {})","_route":"GET_"},"request_uri":"http://localhost:8000/","method":"GET"} []
[2016-11-22 18:43:09] app.DEBUG: > GET / [] []
[2016-11-22 18:43:09] app.DEBUG: < 200 [] []
[2016-11-22 18:43:25] app.INFO: Matched route "{route}". {"route":"GET_","route_parameters":{"_controller":"[object] (Closure: {})","_route":"GET_"},"request_uri":"http://localhost:8000/","method":"GET"} []
[2016-11-22 18:43:25] app.DEBUG: > GET / [] []
[2016-11-22 18:43:25] app.DEBUG: < 200 [] []
[2016-11-22 18:44:00] app.INFO: Matched route "{route}". {"route":"GET_","route_parameters":{"_controller":"[object] (Closure: {})","_route":"GET_"},"request_uri":"http://localhost:8000/","method":"GET"} []
[2016-11-22 18:44:00] app.DEBUG: > GET / [] []
[2016-11-22 18:44:00] app.DEBUG: < 200 [] []
[2016-11-22 18:46:27] app.INFO: Matched route "{route}". {"route":"GET_","route_parameters":{"_controller":"[object] (Closure: {})","_route":"GET_"},"request_uri":"http://localhost:8000/","method":"GET"} []
[2016-11-22 18:46:27] app.DEBUG: > GET / [] []
[2016-11-22 18:46:27] app.DEBUG: < 200 [] []
[2016-11-22 18:46:29] app.INFO: Matched route "{route}". {"route":"GET_","route_parameters":{"_controller":"[object] (Closure: {})","_route":"GET_"},"request_uri":"http://localhost:8000/","method":"GET"} []
[2016-11-22 18:46:29] app.DEBUG: > GET / [] []
[2016-11-22 18:46:29] app.DEBUG: < 200 [] []
[2016-11-22 18:46:52] app.INFO: Matched route "{route}". {"route":"GET_","route_parameters":{"_controller":"[object] (Closure: {})","_route":"GET_"},"request_uri":"http://localhost:8000/","method":"GET"} []
[2016-11-22 18:46:52] app.DEBUG: > GET / [] []
[2016-11-22 18:46:52] app.DEBUG: < 200 [] []
[2016-11-22 18:47:08] app.INFO: Matched route "{route}". {"route":"GET_","route_parameters":{"_controller":"[object] (Closure: {})","_route":"GET_"},"request_uri":"http://localhost:8000/","method":"GET"} []
[2016-11-22 18:47:08] app.DEBUG: > GET / [] []
[2016-11-22 18:47:08] app.DEBUG: < 200 [] []
[2016-11-22 18:47:21] app.INFO: Matched route "{route}". {"route":"GET_","route_parameters":{"_controller":"[object] (Closure: {})","_route":"GET_"},"request_uri":"http://localhost:8000/","method":"GET"} []
[2016-11-22 18:47:21] app.DEBUG: > GET / [] []
[2016-11-22 18:47:21] app.DEBUG: < 200 [] []
[2016-11-22 18:49:16] app.INFO: Matched route "{route}". {"route":"GET_","route_parameters":{"_controller":"[object] (Closure: {})","_route":"GET_"},"request_uri":"http://localhost:8000/","method":"GET"} []
[2016-11-22 18:49:16] app.DEBUG: > GET / [] []
[2016-11-22 18:49:16] app.DEBUG: < 200 [] []
[2016-11-22 18:49:27] app.INFO: Matched route "{route}". {"route":"GET_","route_parameters":{"_controller":"[object] (Closure: {})","_route":"GET_"},"request_uri":"http://localhost:8000/","method":"GET"} []
[2016-11-22 18:49:27] app.DEBUG: > GET / [] []
[2016-11-22 18:49:27] app.DEBUG: < 200 [] []
[2016-11-22 18:49:33] app.INFO: Matched route "{route}". {"route":"GET_","route_parameters":{"_controller":"[object] (Closure: {})","_route":"GET_"},"request_uri":"http://localhost:8000/","method":"GET"} []
[2016-11-22 18:49:33] app.DEBUG: > GET / [] []
[2016-11-22 18:49:33] app.DEBUG: < 200 [] []
[2016-11-22 18:50:38] app.INFO: Matched route "{route}". {"route":"GET_","route_parameters":{"_controller":"[object] (Closure: {})","_route":"GET_"},"request_uri":"http://localhost:8000/","method":"GET"} []
[2016-11-22 18:50:38] app.DEBUG: > GET / [] []
[2016-11-22 18:50:38] app.DEBUG: < 200 [] []
[2016-11-22 18:50:50] app.INFO: Matched route "{route}". {"route":"GET_","route_parameters":{"_controller":"[object] (Closure: {})","_route":"GET_"},"request_uri":"http://localhost:8000/","method":"GET"} []
[2016-11-22 18:50:50] app.DEBUG: > GET / [] []
[2016-11-22 18:50:51] app.DEBUG: < 200 [] []
[2016-11-22 18:51:03] app.INFO: Matched route "{route}". {"route":"GET_","route_parameters":{"_controller":"[object] (Closure: {})","_route":"GET_"},"request_uri":"http://localhost:8000/","method":"GET"} []
[2016-11-22 18:51:03] app.DEBUG: > GET / [] []
[2016-11-22 18:51:03] app.DEBUG: < 200 [] []
[2016-11-22 18:52:02] app.INFO: Matched route "{route}". {"route":"GET_","route_parameters":{"_controller":"[object] (Closure: {})","_route":"GET_"},"request_uri":"http://localhost:8000/","method":"GET"} []
[2016-11-22 18:52:02] app.DEBUG: > GET / [] []
[2016-11-22 18:52:02] app.DEBUG: < 200 [] []
[2016-11-22 18:52:26] app.INFO: Matched route "{route}". {"route":"GET_","route_parameters":{"_controller":"[object] (Closure: {})","_route":"GET_"},"request_uri":"http://localhost:8000/","method":"GET"} []
[2016-11-22 18:52:26] app.DEBUG: > GET / [] []
[2016-11-22 18:52:26] app.DEBUG: < 200 [] []
[2016-11-22 18:52:44] app.INFO: Matched route "{route}". {"route":"GET_","route_parameters":{"_controller":"[object] (Closure: {})","_route":"GET_"},"request_uri":"http://localhost:8000/","method":"GET"} []
[2016-11-22 18:52:44] app.DEBUG: > GET / [] []
[2016-11-22 18:52:44] app.DEBUG: < 200 [] []
[2016-11-22 18:52:59] app.INFO: Matched route "{route}". {"route":"GET_","route_parameters":{"_controller":"[object] (Closure: {})","_route":"GET_"},"request_uri":"http://localhost:8000/","method":"GET"} []
[2016-11-22 18:52:59] app.DEBUG: > GET / [] []
[2016-11-22 18:52:59] app.DEBUG: < 200 [] []
[2016-11-22 18:55:50] app.INFO: Matched route "{route}". {"route":"GET_","route_parameters":{"_controller":"[object] (Closure: {})","_route":"GET_"},"request_uri":"http://localhost:8000/","method":"GET"} []
[2016-11-22 18:55:50] app.DEBUG: > GET / [] []
[2016-11-22 18:55:50] app.DEBUG: < 200 [] []
[2016-11-22 18:57:05] app.INFO: Matched route "{route}". {"route":"GET_","route_parameters":{"_controller":"[object] (Closure: {})","_route":"GET_"},"request_uri":"http://localhost:8000/","method":"GET"} []
[2016-11-22 18:57:05] app.DEBUG: > GET / [] []
[2016-11-22 18:57:05] app.DEBUG: < 200 [] []
[2016-11-22 18:57:13] app.INFO: Matched route "{route}". {"route":"GET_","route_parameters":{"_controller":"[object] (Closure: {})","_route":"GET_"},"request_uri":"http://localhost:8000/","method":"GET"} []
[2016-11-22 18:57:13] app.DEBUG: > GET / [] []
[2016-11-22 18:57:13] app.DEBUG: < 200 [] []
[2016-11-22 18:57:36] app.INFO: Matched route "{route}". {"route":"GET_","route_parameters":{"_controller":"[object] (Closure: {})","_route":"GET_"},"request_uri":"http://localhost:8000/","method":"GET"} []
[2016-11-22 18:57:36] app.DEBUG: > GET / [] []
[2016-11-22 18:57:36] app.DEBUG: < 200 [] []
[2016-11-22 18:58:14] app.INFO: Matched route "{route}". {"route":"GET_","route_parameters":{"_controller":"[object] (Closure: {})","_route":"GET_"},"request_uri":"http://localhost:8000/","method":"GET"} []
[2016-11-22 18:58:14] app.DEBUG: > GET / [] []
[2016-11-22 18:58:15] app.DEBUG: < 200 [] []
[2016-11-22 18:58:37] app.INFO: Matched route "{route}". {"route":"GET_","route_parameters":{"_controller":"[object] (Closure: {})","_route":"GET_"},"request_uri":"http://localhost:8000/","method":"GET"} []
[2016-11-22 18:58:37] app.DEBUG: > GET / [] []
[2016-11-22 18:58:37] app.DEBUG: < 200 [] []
